<?xml version="1.0" encoding="UTF-8"?>
<!-- Generated by org.testng.reporters.JUnitReportReporter -->
<testsuite skipped="0" hostname="DESKTOP-71E4AV6" name="variousConcepts.LearnTestNG" tests="1" failures="0" timestamp="2021-01-20T23:34:16 EST" time="16.575" errors="0">
  <testcase name="logingTest" time="16.575" classname="variousConcepts.LearnTestNG"/>
  <system-out/>
</testsuite> <!-- variousConcepts.LearnTestNG -->
